<?xml version="1.0" encoding="UTF-8"?>
<testng-results skipped="0" failed="0" total="1" passed="1">
  <reporter-output>
  </reporter-output>
  <suite name="Default suite" duration-ms="9409" started-at="2017-09-29T14:41:52Z" finished-at="2017-09-29T14:42:01Z">
    <groups>
    </groups>
    <test name="Default test" duration-ms="9409" started-at="2017-09-29T14:41:52Z" finished-at="2017-09-29T14:42:01Z">
      <class name="tests.LoginAndCheckFirstPage">
        <test-method status="PASS" signature="setUp()[pri:0, instance:tests.LoginAndCheckFirstPage@f6c48ac]" name="setUp" is-config="true" duration-ms="1542" started-at="2017-09-29T17:41:52Z" finished-at="2017-09-29T17:41:53Z">
          <reporter-output>
          </reporter-output>
        </test-method> <!-- setUp -->
        <test-method status="PASS" signature="loginAndCheckFirstPage()[pri:0, instance:tests.LoginAndCheckFirstPage@f6c48ac]" name="loginAndCheckFirstPage" duration-ms="7857" started-at="2017-09-29T17:41:53Z" finished-at="2017-09-29T17:42:01Z">
          <reporter-output>
          </reporter-output>
        </test-method> <!-- loginAndCheckFirstPage -->
      </class> <!-- tests.LoginAndCheckFirstPage -->
    </test> <!-- Default test -->
  </suite> <!-- Default suite -->
</testng-results>
